<?xml version="1.0" encoding="UTF-8"?>
<!-- Generated by org.testng.reporters.JUnitReportReporter -->
<testsuite skipped="0" hostname="DESKTOP-R726H3K" name="realDevice.InStoreShoppping" tests="1" failures="0" timestamp="2020-01-25T02:28:12 COT" time="29.557" errors="0">
  <testcase name="seleccionarPais" time="29.557" classname="realDevice.InStoreShoppping"/>
</testsuite> <!-- realDevice.InStoreShoppping -->
