<?xml version="1.0" encoding="UTF-8"?>
<!-- Generated by org.testng.reporters.JUnitReportReporter -->
<testsuite skipped="0" hostname="DESKTOP-R726H3K" name="realDevice.LoginOK" tests="1" failures="0" timestamp="2020-01-23T12:31:47 COT" time="23.029" errors="0">
  <testcase name="seleccionarPais" time="23.029" classname="realDevice.LoginOK"/>
</testsuite> <!-- realDevice.LoginOK -->
