<?xml version="1.0" encoding="UTF-8"?>
<!-- Generated by org.testng.reporters.JUnitReportReporter -->
<testsuite skipped="0" hostname="DESKTOP-R726H3K" name="realDevice.Apidemos" tests="1" failures="0" timestamp="2020-01-23T21:08:53 COT" time="30.089" errors="0">
  <testcase name="primero" time="30.089" classname="realDevice.Apidemos"/>
</testsuite> <!-- realDevice.Apidemos -->
